/*
   ods
   NWHC COURSES FOR SPRING 2022
   M28FEB2022 \ 77k1f
   */


with a    as (select        ssbsect_term_code"term", ssbsect_crn"crn", ssbsect_subj_code"subj", ssbsect_crse_numb"numb", ssbsect_seq_numb"sect", ssbsect_ssts_code"ssts", ssbsect_ptrm_code"ptrm", ssbsect_camp_code"campus",
                            ssbsect_max_enrl"max_enrl", ssbsect_enrl"enrolled", ssbsect_seats_avail"available", ssbsect_crse_title"title_1"
              from          ssbsect@prod
              where         ssbsect_term_code='202220'  
  and exists (select        stvcamp_code from stvcamp where stvcamp_code=ssbsect_camp_code and stvcamp_code in('IN','NC'))), 
crse      as (select       "crse_subj", "crse_numb", "clg", "dept", "title_2"
        from (select        scbcrse_subj_code"crse_subj", scbcrse_crse_numb"crse_numb", scbcrse_coll_code"clg", scbcrse_dept_code"dept", scbcrse_title"title_2", row_number()
        over (partition by  scbcrse_subj_code || scbcrse_crse_numb  
              order by      scbcrse_eff_term desc nulls last) rn
              from          scbcrse@prod
              where         scbcrse_eff_term>='202210'
  and exists (select        stvcsta_code from stvcsta where stvcsta_code=scbcrse_csta_code and stvcsta_code='A'))
              where         rn=1), 
inst      as (select        sirasgn_crn"inst_crn", spriden_pidm"inst_pidm", spriden_last_name||', '||spriden_first_name||' '||spriden_mi"instructor" 
              from          sirasgn@prod                        
              left join     spriden@prod on spriden_pidm=sirasgn_pidm and spriden_change_ind is null and spriden_entity_ind='P'
              where         sirasgn_term_code='202220'), 
pveml     as (select        distinct "pveml_pidm", coalesce(pv1,pv2,pv3,pv4,pv5)"pvamu_email"
        from (select        sirasgn_pidm "pveml_pidm",                                
             (select       "pv1" from(select goremal_pidm"pv1_pidm", goremal_email_address"pv1" from goremal@prod where goremal_emal_code='PVEM' and exists(select stvcsta_code from stvcsta where stvcsta_code=goremal_status_ind and stvcsta_code='A')) 
              where        "pv1_pidm"=sirasgn_pidm) pv1,
             (select       "pv2" from(select goremal_pidm"pv2_pidm", goremal_email_address"pv2" from goremal@prod where goremal_emal_code='PVEM' and exists(select stvcitz_code from stvcitz where stvcitz_code=goremal_preferred_ind and stvcitz_code='Y') and exists(select stvcsta_code from stvcsta where stvcsta_code=goremal_status_ind and stvcsta_code='A')) 
              where        "pv2_pidm"=sirasgn_pidm) pv2,
             (select       "pv3" from(select goremal_pidm"pv3_pidm", goremal_email_address"pv3" from goremal@prod where goremal_emal_code='FACU' and exists(select stvcitz_code from stvcitz where stvcitz_code=goremal_preferred_ind and stvcitz_code='Y') and exists(select stvcsta_code from stvcsta where stvcsta_code=goremal_status_ind and stvcsta_code='A')) 
              where        "pv3_pidm"=sirasgn_pidm) pv3,
             (select       "pv4" from(select goremal_pidm"pv4_pidm", goremal_email_address"pv4" from goremal@prod where goremal_emal_code='UNIV' and exists(select stvcitz_code from stvcitz where stvcitz_code=goremal_preferred_ind and stvcitz_code='Y') and exists(select stvcsta_code from stvcsta where stvcsta_code=goremal_status_ind and stvcsta_code='A')) 
              where        "pv4_pidm"=sirasgn_pidm) pv4,             
             (select       "pv5" from(select goremal_pidm"pv5_pidm", goremal_email_address"pv5" from goremal@prod where goremal_emal_code='UNIV' and exists(select stvcitz_code from stvcitz where stvcitz_code=goremal_preferred_ind and stvcitz_code='N') and exists(select stvcsta_code from stvcsta where stvcsta_code=goremal_status_ind and stvcsta_code='A')) 
              where        "pv5_pidm"=sirasgn_pidm) pv5
              from          sirasgn@prod   
              where         sirasgn_term_code='202220')),  
meet      as (select        ssrmeet_crn"meet_crn", ssrmeet_bldg_code"bldg", ssrmeet_room_code"room",
                            ssrmeet_sun_day||ssrmeet_mon_day||ssrmeet_tue_day||ssrmeet_wed_day||ssrmeet_thu_day||ssrmeet_fri_day||ssrmeet_sat_day"days",
                            ssrmeet_begin_time"begin", ssrmeet_end_time"end"
              from          ssrmeet@prod 
              where         ssrmeet_term_code='202220') 

      select               "term",
             (select        stvterm_desc from stvterm where stvterm_code="term") "semester",
                           "clg", "dept", "crn", "subj", "numb", "sect",
              coalesce    ("title_1","title_2") "course_title", 
             (select        stvssts_desc from stvssts where stvssts_code="ssts") "status",
                           "instructor", "pvamu_email",
                           "ptrm",
             (select        stvptrm_desc from stvptrm where stvptrm_code="ptrm") "ptrm_desc",
                           "campus", 
             (select        stvcamp_desc from stvcamp where stvcamp_code="campus") "class_campus",
                           "max_enrl", "enrolled", "available",
             (select        stvcamp_desc from stvcamp where stvcamp_code="campus") "campus",  
             (select        stvbldg_desc from stvbldg where stvbldg_code="bldg") "building",
                           "room", "days", "begin", "end", 
              coalesce    ("title_1","title_2") "title_2"

        from  a 
   left join  crse      on "crse_subj"="subj" and "crse_numb"="numb" 
   left join  inst      on "inst_crn"="crn" 
   left join  pveml     on "pveml_pidm"="inst_pidm" 
   left join  meet      on "meet_crn"="crn" 

    order by               "crn" ;


/* ms 97 n 43 ---------------------------------------------------------------------------------------------------------------
| Id  | Operation                      | Name                       | Rows  | Bytes | Cost (%CPU)| Time     | Inst   |IN-OUT|
-----------------------------------------------------------------------------------------------------------------------------
|   0 | SELECT STATEMENT               |                            |    15 | 15615 | 19837   (1)| 00:00:02 |        |      |
|   1 |  MAT_VIEW ACCESS BY INDEX ROWID| STVTERM                    |     1 |    19 |     1   (0)| 00:00:01 |        |      |
|*  2 |   INDEX UNIQUE SCAN            | SYS_C_SNAP$_6469PK_STVTERM |     1 |       |     0   (0)| 00:00:01 |        |      |
|   3 |  MAT_VIEW ACCESS BY INDEX ROWID| STVSSTS                    |     1 |    10 |     1   (0)| 00:00:01 |        |      |
|*  4 |   INDEX UNIQUE SCAN            | SYS_C_SNAP$_6444PK_STVSSTS |     1 |       |     0   (0)| 00:00:01 |        |      |
|   5 |  NESTED LOOPS                  |                            |     1 |    74 |     3   (0)| 00:00:01 |        |      |
|*  6 |   INDEX UNIQUE SCAN            | SYS_C_SNAP$_6286PK_STVCSTA |     1 |     2 |     0   (0)| 00:00:01 |        |      |
|   7 |   REMOTE                       | GOREMAL                    |     1 |    72 |     3   (0)| 00:00:01 |   PROD | R->S |
|   8 |    NESTED LOOPS                |                            |     1 |    76 |     3   (0)| 00:00:01 |        |      |
|   9 |     NESTED LOOPS               |                            |     1 |     4 |     0   (0)| 00:00:01 |        |      |
|* 10 |      INDEX UNIQUE SCAN         | SYS_C_SNAP$_6259PK_STVCITZ |     1 |     2 |     0   (0)| 00:00:01 |        |      |
|* 11 |      INDEX UNIQUE SCAN         | SYS_C_SNAP$_6286PK_STVCSTA |     1 |     2 |     0   (0)| 00:00:01 |        |      |
|  12 |     REMOTE                     | GOREMAL                    |     1 |    72 |     3   (0)| 00:00:01 |   PROD | R->S |
|  13 |      NESTED LOOPS              |                            |     1 |    76 |     3   (0)| 00:00:01 |        |      |
|  14 |       NESTED LOOPS             |                            |     1 |     4 |     0   (0)| 00:00:01 |        |      |
|* 15 |        INDEX UNIQUE SCAN       | SYS_C_SNAP$_6259PK_STVCITZ |     1 |     2 |     0   (0)| 00:00:01 |        |      |
|* 16 |        INDEX UNIQUE SCAN       | SYS_C_SNAP$_6286PK_STVCSTA |     1 |     2 |     0   (0)| 00:00:01 |        |      |
|  17 |       REMOTE                   | GOREMAL                    |     1 |    72 |     3   (0)| 00:00:01 |   PROD | R->S |
|  18 |        NESTED LOOPS            |                            |     1 |    76 |     3   (0)| 00:00:01 |        |      |
|  19 |         NESTED LOOPS           |                            |     1 |     4 |     0   (0)| 00:00:01 |        |      |
|* 20 |          INDEX UNIQUE SCAN     | SYS_C_SNAP$_6259PK_STVCITZ |     1 |     2 |     0   (0)| 00:00:01 |        |      |
|* 21 |          INDEX UNIQUE SCAN     | SYS_C_SNAP$_6286PK_STVCSTA |     1 |     2 |     0   (0)| 00:00:01 |        |      |
|  22 |         REMOTE                 | GOREMAL                    |     1 |    72 |     3   (0)| 00:00:01 |   PROD | R->S |
|  23 |          NESTED LOOPS          |                            |     1 |    76 |     3   (0)| 00:00:01 |        |      |
|  24 |           NESTED LOOPS         |                            |     1 |     4 |     0   (0)| 00:00:01 |        |      |
|* 25 |            INDEX UNIQUE SCAN   | SYS_C_SNAP$_6259PK_STVCITZ |     1 |     2 |     0   (0)| 00:00:01 |        |      |
|* 26 |            INDEX UNIQUE SCAN   | SYS_C_SNAP$_6286PK_STVCSTA |     1 |     2 |     0   (0)| 00:00:01 |        |      |
|  27 |           REMOTE               | GOREMAL                    |     1 |    72 |     3   (0)| 00:00:01 |   PROD | R->S |
|  28 |  MAT_VIEW ACCESS BY INDEX ROWID| STVPTRM                    |     1 |    18 |     1   (0)| 00:00:01 |        |      |
|* 29 |   INDEX UNIQUE SCAN            | SYS_C_SNAP$_6397PK_STVPTRM |     1 |       |     0   (0)| 00:00:01 |        |      |
|  30 |  MAT_VIEW ACCESS BY INDEX ROWID| STVCAMP                    |     1 |    24 |     1   (0)| 00:00:01 |        |      |
|* 31 |   INDEX UNIQUE SCAN            | SYS_C_SNAP$_6261PK_STVCAMP |     1 |       |     0   (0)| 00:00:01 |        |      |
|  32 |  MAT_VIEW ACCESS BY INDEX ROWID| STVCAMP                    |     1 |    24 |     1   (0)| 00:00:01 |        |      |
|* 33 |   INDEX UNIQUE SCAN            | SYS_C_SNAP$_6261PK_STVCAMP |     1 |       |     0   (0)| 00:00:01 |        |      |
|  34 |  MAT_VIEW ACCESS BY INDEX ROWID| STVBLDG                    |     1 |    31 |     1   (0)| 00:00:01 |        |      |
|* 35 |   INDEX UNIQUE SCAN            | SYS_C_SNAP$_6243PK_STVBLDG |     1 |       |     0   (0)| 00:00:01 |        |      |
|  36 |  SORT ORDER BY                 |                            |    15 | 15615 | 19837   (1)| 00:00:02 |        |      |
|* 37 |   HASH JOIN OUTER              |                            |    15 | 15615 | 19815   (1)| 00:00:02 |        |      |
|  38 |    JOIN FILTER CREATE          | :BF0000                    |    15 | 11550 |  3298   (1)| 00:00:01 |        |      |
|* 39 |     HASH JOIN OUTER            |                            |    15 | 11550 |  3298   (1)| 00:00:01 |        |      |
|* 40 |      HASH JOIN OUTER           |                            |    15 |  5655 |   147   (1)| 00:00:01 |        |      |
|* 41 |       HASH JOIN OUTER          |                            |    15 |  4395 |   107   (1)| 00:00:01 |        |      |
|  42 |        NESTED LOOPS            |                            |    15 |  2700 |    49   (0)| 00:00:01 |        |      |
|  43 |         REMOTE                 | SSBSECT                    |   143 | 25311 |    49   (0)| 00:00:01 |   PROD | R->S |
|* 44 |         INDEX UNIQUE SCAN      | SYS_C_SNAP$_6261PK_STVCAMP |     1 |     3 |     0   (0)| 00:00:01 |        |      |
|* 45 |        VIEW                    |                            |    68 |  7684 |    58   (2)| 00:00:01 |        |      |
|* 46 |         WINDOW SORT PUSHED RANK|                            |    68 |  8160 |    58   (2)| 00:00:01 |        |      |
|  47 |          NESTED LOOPS          |                            |    68 |  8160 |    57   (0)| 00:00:01 |        |      |
|* 48 |           INDEX UNIQUE SCAN    | SYS_C_SNAP$_6286PK_STVCSTA |     1 |     2 |     0   (0)| 00:00:01 |        |      |
|  49 |           REMOTE               | SCBCRSE                    |    68 |  8024 |    57   (0)| 00:00:01 |   PROD | R->S |
|  50 |       VIEW                     |                            |  1362 |   111K|    40   (0)| 00:00:01 |        |      |
|  51 |        REMOTE                  | SSRMEET                    |  1362 |   146K|    40   (0)| 00:00:01 |   PROD | R->S |
|  52 |      VIEW                      |                            |  1494 |   573K|  3155   (1)| 00:00:01 |        |      |
|  53 |       REMOTE                   |                            |       |       |            |          |   PROD | R->S |
|  54 |    VIEW                        |                            |   870 |   230K| 16516   (1)| 00:00:02 |        |      |
|  55 |     HASH UNIQUE                |                            |   870 | 23490 | 16516   (1)| 00:00:02 |        |      |
|  56 |      JOIN FILTER USE           | :BF0000                    |  1342 | 36234 |     9   (0)| 00:00:01 |        |      |
|  57 |       REMOTE                   | SIRASGN                    |  1342 | 36234 |     9   (0)| 00:00:01 |   PROD | R->S |
----------------------------------------------------------------------------------------------------------------------------- 
--SELECT plan_table_output FROM TABLE(DBMS_XPLAN.DISPLAY());
--explain plan for
--  ner join (select       "xx


--  SELECT * FROM scbcrse@prod WHERE scbcrse_eff_term='202210' ;


###
